Compiling the CXX compiler identification source file "CMakeCXXCompilerId.cpp" failed.
Compiler: /Library/Developer/CommandLineTools/usr/bin/c++ 
Build flags: 
Id flags:  

The output was:
1
ld: library not found for -lc++
clang: error: linker command failed with exit code 1 (use -v to see invocation)


Compiling the C compiler identification source file "CMakeCCompilerId.c" failed.
Compiler: /Library/Developer/CommandLineTools/usr/bin/cc 
Build flags: 
Id flags:  

The output was:
1
ld: library not found for -lSystem
clang: error: linker command failed with exit code 1 (use -v to see invocation)


Compilation failed:
    source file: '/Users/sominan/2021-1/캡스톤디자인/web/login_lecture/app/node_modules/opencv-build/opencv/opencv/cmake/checks/cxx11.cpp'
    check option: ''
===== BUILD LOG =====
Change Dir: /Users/sominan/2021-1/캡스톤디자인/web/login_lecture/app/node_modules/opencv-build/opencv/build/CMakeFiles/CMakeTmp

Run Build Command(s):/usr/bin/make -f Makefile cmTC_1624e/fast && /Library/Developer/CommandLineTools/usr/bin/make  -f CMakeFiles/cmTC_1624e.dir/build.make CMakeFiles/cmTC_1624e.dir/build
Building CXX object CMakeFiles/cmTC_1624e.dir/cxx11.cpp.o
/Library/Developer/CommandLineTools/usr/bin/c++   -arch x86_64 -isysroot /Library/Developer/CommandLineTools/SDKs/MacOSX11.1.sdk -fPIE -MD -MT CMakeFiles/cmTC_1624e.dir/cxx11.cpp.o -MF CMakeFiles/cmTC_1624e.dir/cxx11.cpp.o.d -o CMakeFiles/cmTC_1624e.dir/cxx11.cpp.o -c /Users/sominan/2021-1/캡스톤디자인/web/login_lecture/app/node_modules/opencv-build/opencv/opencv/cmake/checks/cxx11.cpp
/Users/sominan/2021-1/캡스톤디자인/web/login_lecture/app/node_modules/opencv-build/opencv/opencv/cmake/checks/cxx11.cpp:4:2: error: "C++11 is not supported"
#error "C++11 is not supported"
 ^
/Users/sominan/2021-1/캡스톤디자인/web/login_lecture/app/node_modules/opencv-build/opencv/opencv/cmake/checks/cxx11.cpp:11:5: warning: 'auto' type specifier is a C++11 extension [-Wc++11-extensions]
    auto res = test();
    ^
1 warning and 1 error generated.
make[1]: *** [CMakeFiles/cmTC_1624e.dir/cxx11.cpp.o] Error 1
make: *** [cmTC_1624e/fast] Error 2


===== END =====

Compilation failed:
    source file: '/Users/sominan/2021-1/캡스톤디자인/web/login_lecture/app/node_modules/opencv-build/opencv/opencv/cmake/checks/cpu_popcnt.cpp'
    check option: ''
===== BUILD LOG =====
Change Dir: /Users/sominan/2021-1/캡스톤디자인/web/login_lecture/app/node_modules/opencv-build/opencv/build/CMakeFiles/CMakeTmp

Run Build Command(s):/usr/bin/make -f Makefile cmTC_cec69/fast && /Library/Developer/CommandLineTools/usr/bin/make  -f CMakeFiles/cmTC_cec69.dir/build.make CMakeFiles/cmTC_cec69.dir/build
Building CXX object CMakeFiles/cmTC_cec69.dir/cpu_popcnt.cpp.o
/Library/Developer/CommandLineTools/usr/bin/c++   -O3 -DNDEBUG -arch x86_64 -isysroot /Library/Developer/CommandLineTools/SDKs/MacOSX11.1.sdk -fPIE -MD -MT CMakeFiles/cmTC_cec69.dir/cpu_popcnt.cpp.o -MF CMakeFiles/cmTC_cec69.dir/cpu_popcnt.cpp.o.d -o CMakeFiles/cmTC_cec69.dir/cpu_popcnt.cpp.o -c /Users/sominan/2021-1/캡스톤디자인/web/login_lecture/app/node_modules/opencv-build/opencv/opencv/cmake/checks/cpu_popcnt.cpp
/Users/sominan/2021-1/캡스톤디자인/web/login_lecture/app/node_modules/opencv-build/opencv/opencv/cmake/checks/cpu_popcnt.cpp:14:4: error: "__POPCNT__ is not defined by compiler"
#  error "__POPCNT__ is not defined by compiler"
   ^
/Users/sominan/2021-1/캡스톤디자인/web/login_lecture/app/node_modules/opencv-build/opencv/opencv/cmake/checks/cpu_popcnt.cpp:22:13: error: use of undeclared identifier 'CV_POPCNT_U32'
    int j = CV_POPCNT_U32(1);
            ^
2 errors generated.
make[1]: *** [CMakeFiles/cmTC_cec69.dir/cpu_popcnt.cpp.o] Error 1
make: *** [cmTC_cec69/fast] Error 2


===== END =====

Compilation failed:
    source file: '/Users/sominan/2021-1/캡스톤디자인/web/login_lecture/app/node_modules/opencv-build/opencv/opencv/cmake/checks/cpu_sse42.cpp'
    check option: ''
===== BUILD LOG =====
Change Dir: /Users/sominan/2021-1/캡스톤디자인/web/login_lecture/app/node_modules/opencv-build/opencv/build/CMakeFiles/CMakeTmp

Run Build Command(s):/usr/bin/make -f Makefile cmTC_1a8c4/fast && /Library/Developer/CommandLineTools/usr/bin/make  -f CMakeFiles/cmTC_1a8c4.dir/build.make CMakeFiles/cmTC_1a8c4.dir/build
Building CXX object CMakeFiles/cmTC_1a8c4.dir/cpu_sse42.cpp.o
/Library/Developer/CommandLineTools/usr/bin/c++   -O3 -DNDEBUG -arch x86_64 -isysroot /Library/Developer/CommandLineTools/SDKs/MacOSX11.1.sdk -fPIE -MD -MT CMakeFiles/cmTC_1a8c4.dir/cpu_sse42.cpp.o -MF CMakeFiles/cmTC_1a8c4.dir/cpu_sse42.cpp.o.d -o CMakeFiles/cmTC_1a8c4.dir/cpu_sse42.cpp.o -c /Users/sominan/2021-1/캡스톤디자인/web/login_lecture/app/node_modules/opencv-build/opencv/opencv/cmake/checks/cpu_sse42.cpp
/Users/sominan/2021-1/캡스톤디자인/web/login_lecture/app/node_modules/opencv-build/opencv/opencv/cmake/checks/cpu_sse42.cpp:5:24: error: always_inline function '_mm_crc32_u8' requires target feature 'sse4.2', but would be inlined into function 'main' that is compiled without support for 'sse4.2'
    unsigned int res = _mm_crc32_u8(1, 2);
                       ^
1 error generated.
make[1]: *** [CMakeFiles/cmTC_1a8c4.dir/cpu_sse42.cpp.o] Error 1
make: *** [cmTC_1a8c4/fast] Error 2


===== END =====

Compilation failed:
    source file: '/Users/sominan/2021-1/캡스톤디자인/web/login_lecture/app/node_modules/opencv-build/opencv/opencv/cmake/checks/cpu_fp16.cpp'
    check option: ''
===== BUILD LOG =====
Change Dir: /Users/sominan/2021-1/캡스톤디자인/web/login_lecture/app/node_modules/opencv-build/opencv/build/CMakeFiles/CMakeTmp

Run Build Command(s):/usr/bin/make -f Makefile cmTC_a1821/fast && /Library/Developer/CommandLineTools/usr/bin/make  -f CMakeFiles/cmTC_a1821.dir/build.make CMakeFiles/cmTC_a1821.dir/build
Building CXX object CMakeFiles/cmTC_a1821.dir/cpu_fp16.cpp.o
/Library/Developer/CommandLineTools/usr/bin/c++   -O3 -DNDEBUG -arch x86_64 -isysroot /Library/Developer/CommandLineTools/SDKs/MacOSX11.1.sdk -fPIE -MD -MT CMakeFiles/cmTC_a1821.dir/cpu_fp16.cpp.o -MF CMakeFiles/cmTC_a1821.dir/cpu_fp16.cpp.o.d -o CMakeFiles/cmTC_a1821.dir/cpu_fp16.cpp.o -c /Users/sominan/2021-1/캡스톤디자인/web/login_lecture/app/node_modules/opencv-build/opencv/opencv/cmake/checks/cpu_fp16.cpp
/Users/sominan/2021-1/캡스톤디자인/web/login_lecture/app/node_modules/opencv-build/opencv/opencv/cmake/checks/cpu_fp16.cpp:26:2: error: "FP16 is not supported"
#error "FP16 is not supported"
 ^
/Users/sominan/2021-1/캡스톤디자인/web/login_lecture/app/node_modules/opencv-build/opencv/opencv/cmake/checks/cpu_fp16.cpp:31:18: error: use of undeclared identifier 'test'
  printf("%d\n", test());
                 ^
2 errors generated.
make[1]: *** [CMakeFiles/cmTC_a1821.dir/cpu_fp16.cpp.o] Error 1
make: *** [cmTC_a1821/fast] Error 2


===== END =====

Compilation failed:
    source file: '/Users/sominan/2021-1/캡스톤디자인/web/login_lecture/app/node_modules/opencv-build/opencv/opencv/cmake/checks/cpu_avx.cpp'
    check option: ''
===== BUILD LOG =====
Change Dir: /Users/sominan/2021-1/캡스톤디자인/web/login_lecture/app/node_modules/opencv-build/opencv/build/CMakeFiles/CMakeTmp

Run Build Command(s):/usr/bin/make -f Makefile cmTC_ad1fe/fast && /Library/Developer/CommandLineTools/usr/bin/make  -f CMakeFiles/cmTC_ad1fe.dir/build.make CMakeFiles/cmTC_ad1fe.dir/build
Building CXX object CMakeFiles/cmTC_ad1fe.dir/cpu_avx.cpp.o
/Library/Developer/CommandLineTools/usr/bin/c++   -O3 -DNDEBUG -arch x86_64 -isysroot /Library/Developer/CommandLineTools/SDKs/MacOSX11.1.sdk -fPIE -MD -MT CMakeFiles/cmTC_ad1fe.dir/cpu_avx.cpp.o -MF CMakeFiles/cmTC_ad1fe.dir/cpu_avx.cpp.o.d -o CMakeFiles/cmTC_ad1fe.dir/cpu_avx.cpp.o -c /Users/sominan/2021-1/캡스톤디자인/web/login_lecture/app/node_modules/opencv-build/opencv/opencv/cmake/checks/cpu_avx.cpp
/Users/sominan/2021-1/캡스톤디자인/web/login_lecture/app/node_modules/opencv-build/opencv/opencv/cmake/checks/cpu_avx.cpp:2:2: error: "__AVX__ define is missing"
#error "__AVX__ define is missing"
 ^
1 error generated.
make[1]: *** [CMakeFiles/cmTC_ad1fe.dir/cpu_avx.cpp.o] Error 1
make: *** [cmTC_ad1fe/fast] Error 2


===== END =====

Compilation failed:
    source file: '/Users/sominan/2021-1/캡스톤디자인/web/login_lecture/app/node_modules/opencv-build/opencv/opencv/cmake/checks/cpu_avx2.cpp'
    check option: ''
===== BUILD LOG =====
Change Dir: /Users/sominan/2021-1/캡스톤디자인/web/login_lecture/app/node_modules/opencv-build/opencv/build/CMakeFiles/CMakeTmp

Run Build Command(s):/usr/bin/make -f Makefile cmTC_4749c/fast && /Library/Developer/CommandLineTools/usr/bin/make  -f CMakeFiles/cmTC_4749c.dir/build.make CMakeFiles/cmTC_4749c.dir/build
Building CXX object CMakeFiles/cmTC_4749c.dir/cpu_avx2.cpp.o
/Library/Developer/CommandLineTools/usr/bin/c++   -O3 -DNDEBUG -arch x86_64 -isysroot /Library/Developer/CommandLineTools/SDKs/MacOSX11.1.sdk -fPIE -MD -MT CMakeFiles/cmTC_4749c.dir/cpu_avx2.cpp.o -MF CMakeFiles/cmTC_4749c.dir/cpu_avx2.cpp.o.d -o CMakeFiles/cmTC_4749c.dir/cpu_avx2.cpp.o -c /Users/sominan/2021-1/캡스톤디자인/web/login_lecture/app/node_modules/opencv-build/opencv/opencv/cmake/checks/cpu_avx2.cpp
/Users/sominan/2021-1/캡스톤디자인/web/login_lecture/app/node_modules/opencv-build/opencv/opencv/cmake/checks/cpu_avx2.cpp:2:2: error: "__AVX2__ define is missing"
#error "__AVX2__ define is missing"
 ^
1 error generated.
make[1]: *** [CMakeFiles/cmTC_4749c.dir/cpu_avx2.cpp.o] Error 1
make: *** [cmTC_4749c/fast] Error 2


===== END =====

Compilation failed:
    source file: '/Users/sominan/2021-1/캡스톤디자인/web/login_lecture/app/node_modules/opencv-build/opencv/opencv/cmake/checks/cpu_avx512.cpp'
    check option: ''
===== BUILD LOG =====
Change Dir: /Users/sominan/2021-1/캡스톤디자인/web/login_lecture/app/node_modules/opencv-build/opencv/build/CMakeFiles/CMakeTmp

Run Build Command(s):/usr/bin/make -f Makefile cmTC_c171b/fast && /Library/Developer/CommandLineTools/usr/bin/make  -f CMakeFiles/cmTC_c171b.dir/build.make CMakeFiles/cmTC_c171b.dir/build
Building CXX object CMakeFiles/cmTC_c171b.dir/cpu_avx512.cpp.o
/Library/Developer/CommandLineTools/usr/bin/c++   -O3 -DNDEBUG -arch x86_64 -isysroot /Library/Developer/CommandLineTools/SDKs/MacOSX11.1.sdk -fPIE -MD -MT CMakeFiles/cmTC_c171b.dir/cpu_avx512.cpp.o -MF CMakeFiles/cmTC_c171b.dir/cpu_avx512.cpp.o.d -o CMakeFiles/cmTC_c171b.dir/cpu_avx512.cpp.o -c /Users/sominan/2021-1/캡스톤디자인/web/login_lecture/app/node_modules/opencv-build/opencv/opencv/cmake/checks/cpu_avx512.cpp
/Users/sominan/2021-1/캡스톤디자인/web/login_lecture/app/node_modules/opencv-build/opencv/opencv/cmake/checks/cpu_avx512.cpp:11:2: error: "AVX512 is not supported"
#error "AVX512 is not supported"
 ^
1 error generated.
make[1]: *** [CMakeFiles/cmTC_c171b.dir/cpu_avx512.cpp.o] Error 1
make: *** [cmTC_c171b/fast] Error 2


===== END =====

Compilation failed:
    source file: '/Users/sominan/2021-1/캡스톤디자인/web/login_lecture/app/node_modules/opencv-build/opencv/opencv/cmake/checks/cpu_avx512skx.cpp'
    check option: ''
===== BUILD LOG =====
Change Dir: /Users/sominan/2021-1/캡스톤디자인/web/login_lecture/app/node_modules/opencv-build/opencv/build/CMakeFiles/CMakeTmp

Run Build Command(s):/usr/bin/make -f Makefile cmTC_9b825/fast && /Library/Developer/CommandLineTools/usr/bin/make  -f CMakeFiles/cmTC_9b825.dir/build.make CMakeFiles/cmTC_9b825.dir/build
Building CXX object CMakeFiles/cmTC_9b825.dir/cpu_avx512skx.cpp.o
/Library/Developer/CommandLineTools/usr/bin/c++   -O3 -DNDEBUG -arch x86_64 -isysroot /Library/Developer/CommandLineTools/SDKs/MacOSX11.1.sdk -fPIE -MD -MT CMakeFiles/cmTC_9b825.dir/cpu_avx512skx.cpp.o -MF CMakeFiles/cmTC_9b825.dir/cpu_avx512skx.cpp.o.d -o CMakeFiles/cmTC_9b825.dir/cpu_avx512skx.cpp.o -c /Users/sominan/2021-1/캡스톤디자인/web/login_lecture/app/node_modules/opencv-build/opencv/opencv/cmake/checks/cpu_avx512skx.cpp
/Users/sominan/2021-1/캡스톤디자인/web/login_lecture/app/node_modules/opencv-build/opencv/opencv/cmake/checks/cpu_avx512skx.cpp:15:2: error: "AVX512-SKX is not supported"
#error "AVX512-SKX is not supported"
 ^
1 error generated.
make[1]: *** [CMakeFiles/cmTC_9b825.dir/cpu_avx512skx.cpp.o] Error 1
make: *** [cmTC_9b825/fast] Error 2


===== END =====

Determining if the include file malloc.h exists failed with the following output:
Change Dir: /Users/sominan/2021-1/캡스톤디자인/web/login_lecture/app/node_modules/opencv-build/opencv/build/CMakeFiles/CMakeTmp

Run Build Command(s):/usr/bin/make -f Makefile cmTC_ce337/fast && /Library/Developer/CommandLineTools/usr/bin/make  -f CMakeFiles/cmTC_ce337.dir/build.make CMakeFiles/cmTC_ce337.dir/build
Building C object CMakeFiles/cmTC_ce337.dir/CheckIncludeFile.c.o
/Library/Developer/CommandLineTools/usr/bin/cc   -fsigned-char -W -Wall -Werror=return-type -Werror=non-virtual-dtor -Werror=address -Werror=sequence-point -Wformat -Werror=format-security -Wmissing-declarations -Wmissing-prototypes -Wstrict-prototypes -Wundef -Winit-self -Wpointer-arith -Wshadow -Wsign-promo -Wuninitialized -Winit-self -Wno-delete-non-virtual-dtor -Wno-unnamed-type-template-args -Wno-comment -fdiagnostics-show-option -Wno-long-long -Qunused-arguments -Wno-semicolon-before-method-body -ffunction-sections -fdata-sections  -fvisibility=hidden -fvisibility-inlines-hidden  -O3 -DNDEBUG -arch x86_64 -isysroot /Library/Developer/CommandLineTools/SDKs/MacOSX11.1.sdk -fPIE -MD -MT CMakeFiles/cmTC_ce337.dir/CheckIncludeFile.c.o -MF CMakeFiles/cmTC_ce337.dir/CheckIncludeFile.c.o.d -o CMakeFiles/cmTC_ce337.dir/CheckIncludeFile.c.o -c /Users/sominan/2021-1/캡스톤디자인/web/login_lecture/app/node_modules/opencv-build/opencv/build/CMakeFiles/CMakeTmp/CheckIncludeFile.c
/Users/sominan/2021-1/캡스톤디자인/web/login_lecture/app/node_modules/opencv-build/opencv/build/CMakeFiles/CMakeTmp/CheckIncludeFile.c:1:10: fatal error: 'malloc.h' file not found
#include <malloc.h>
         ^~~~~~~~~~
1 error generated.
make[1]: *** [CMakeFiles/cmTC_ce337.dir/CheckIncludeFile.c.o] Error 1
make: *** [cmTC_ce337/fast] Error 2



Determining size of off64_t failed with the following output:
Change Dir: /Users/sominan/2021-1/캡스톤디자인/web/login_lecture/app/node_modules/opencv-build/opencv/build/CMakeFiles/CMakeTmp

Run Build Command(s):/usr/bin/make -f Makefile cmTC_ecfd9/fast && /Library/Developer/CommandLineTools/usr/bin/make  -f CMakeFiles/cmTC_ecfd9.dir/build.make CMakeFiles/cmTC_ecfd9.dir/build
Building C object CMakeFiles/cmTC_ecfd9.dir/OFF64_T.c.o
/Library/Developer/CommandLineTools/usr/bin/cc   -fsigned-char -W -Wall -Werror=return-type -Werror=non-virtual-dtor -Werror=address -Werror=sequence-point -Wformat -Werror=format-security -Wmissing-declarations -Wmissing-prototypes -Wstrict-prototypes -Wundef -Winit-self -Wpointer-arith -Wshadow -Wsign-promo -Wuninitialized -Winit-self -Wno-delete-non-virtual-dtor -Wno-unnamed-type-template-args -Wno-comment -fdiagnostics-show-option -Wno-long-long -Qunused-arguments -Wno-semicolon-before-method-body -ffunction-sections -fdata-sections  -fvisibility=hidden -fvisibility-inlines-hidden  -O3 -DNDEBUG -arch x86_64 -isysroot /Library/Developer/CommandLineTools/SDKs/MacOSX11.1.sdk -fPIE -MD -MT CMakeFiles/cmTC_ecfd9.dir/OFF64_T.c.o -MF CMakeFiles/cmTC_ecfd9.dir/OFF64_T.c.o.d -o CMakeFiles/cmTC_ecfd9.dir/OFF64_T.c.o -c /Users/sominan/2021-1/캡스톤디자인/web/login_lecture/app/node_modules/opencv-build/opencv/build/CMakeFiles/CheckTypeSize/OFF64_T.c
/Users/sominan/2021-1/캡스톤디자인/web/login_lecture/app/node_modules/opencv-build/opencv/build/CMakeFiles/CheckTypeSize/OFF64_T.c:29:12: error: use of undeclared identifier 'off64_t'
  ('0' + ((SIZE / 10000)%10)),
           ^
/Users/sominan/2021-1/캡스톤디자인/web/login_lecture/app/node_modules/opencv-build/opencv/build/CMakeFiles/CheckTypeSize/OFF64_T.c:27:22: note: expanded from macro 'SIZE'
#define SIZE (sizeof(off64_t))
                     ^
/Users/sominan/2021-1/캡스톤디자인/web/login_lecture/app/node_modules/opencv-build/opencv/build/CMakeFiles/CheckTypeSize/OFF64_T.c:30:12: error: use of undeclared identifier 'off64_t'
  ('0' + ((SIZE / 1000)%10)),
           ^
/Users/sominan/2021-1/캡스톤디자인/web/login_lecture/app/node_modules/opencv-build/opencv/build/CMakeFiles/CheckTypeSize/OFF64_T.c:27:22: note: expanded from macro 'SIZE'
#define SIZE (sizeof(off64_t))
                     ^
/Users/sominan/2021-1/캡스톤디자인/web/login_lecture/app/node_modules/opencv-build/opencv/build/CMakeFiles/CheckTypeSize/OFF64_T.c:31:12: error: use of undeclared identifier 'off64_t'
  ('0' + ((SIZE / 100)%10)),
           ^
/Users/sominan/2021-1/캡스톤디자인/web/login_lecture/app/node_modules/opencv-build/opencv/build/CMakeFiles/CheckTypeSize/OFF64_T.c:27:22: note: expanded from macro 'SIZE'
#define SIZE (sizeof(off64_t))
                     ^
/Users/sominan/2021-1/캡스톤디자인/web/login_lecture/app/node_modules/opencv-build/opencv/build/CMakeFiles/CheckTypeSize/OFF64_T.c:32:12: error: use of undeclared identifier 'off64_t'
  ('0' + ((SIZE / 10)%10)),
           ^
/Users/sominan/2021-1/캡스톤디자인/web/login_lecture/app/node_modules/opencv-build/opencv/build/CMakeFiles/CheckTypeSize/OFF64_T.c:27:22: note: expanded from macro 'SIZE'
#define SIZE (sizeof(off64_t))
                     ^
/Users/sominan/2021-1/캡스톤디자인/web/login_lecture/app/node_modules/opencv-build/opencv/build/CMakeFiles/CheckTypeSize/OFF64_T.c:33:12: error: use of undeclared identifier 'off64_t'
  ('0' +  (SIZE    % 10)),
           ^
/Users/sominan/2021-1/캡스톤디자인/web/login_lecture/app/node_modules/opencv-build/opencv/build/CMakeFiles/CheckTypeSize/OFF64_T.c:27:22: note: expanded from macro 'SIZE'
#define SIZE (sizeof(off64_t))
                     ^
5 errors generated.
make[1]: *** [CMakeFiles/cmTC_ecfd9.dir/OFF64_T.c.o] Error 1
make: *** [cmTC_ecfd9/fast] Error 2


/Users/sominan/2021-1/캡스톤디자인/web/login_lecture/app/node_modules/opencv-build/opencv/build/CMakeFiles/CheckTypeSize/OFF64_T.c:
#include <sys/types.h>
#include <stdint.h>
#include <stddef.h>


#undef KEY
#if defined(__i386)
# define KEY '_','_','i','3','8','6'
#elif defined(__x86_64)
# define KEY '_','_','x','8','6','_','6','4'
#elif defined(__PPC64__)
# define KEY '_','_','P','P','C','6','4','_','_'
#elif defined(__ppc64__)
# define KEY '_','_','p','p','c','6','4','_','_'
#elif defined(__PPC__)
# define KEY '_','_','P','P','C','_','_'
#elif defined(__ppc__)
# define KEY '_','_','p','p','c','_','_'
#elif defined(__aarch64__)
# define KEY '_','_','a','a','r','c','h','6','4','_','_'
#elif defined(__ARM_ARCH_7A__)
# define KEY '_','_','A','R','M','_','A','R','C','H','_','7','A','_','_'
#elif defined(__ARM_ARCH_7S__)
# define KEY '_','_','A','R','M','_','A','R','C','H','_','7','S','_','_'
#endif

#define SIZE (sizeof(off64_t))
static char info_size[] =  {'I', 'N', 'F', 'O', ':', 's','i','z','e','[',
  ('0' + ((SIZE / 10000)%10)),
  ('0' + ((SIZE / 1000)%10)),
  ('0' + ((SIZE / 100)%10)),
  ('0' + ((SIZE / 10)%10)),
  ('0' +  (SIZE    % 10)),
  ']',
#ifdef KEY
  ' ','k','e','y','[', KEY, ']',
#endif
  '\0'};

#ifdef __CLASSIC_C__
int main(argc, argv) int argc; char *argv[];
#else
int main(int argc, char *argv[])
#endif
{
  int require = 0;
  require += info_size[argc];
  (void)argv;
  return require;
}


Determining if the include file io.h exists failed with the following output:
Change Dir: /Users/sominan/2021-1/캡스톤디자인/web/login_lecture/app/node_modules/opencv-build/opencv/build/CMakeFiles/CMakeTmp

Run Build Command(s):/usr/bin/make -f Makefile cmTC_2e942/fast && /Library/Developer/CommandLineTools/usr/bin/make  -f CMakeFiles/cmTC_2e942.dir/build.make CMakeFiles/cmTC_2e942.dir/build
Building C object CMakeFiles/cmTC_2e942.dir/CheckIncludeFile.c.o
/Library/Developer/CommandLineTools/usr/bin/cc   -fsigned-char -W -Wall -Werror=return-type -Werror=non-virtual-dtor -Werror=address -Werror=sequence-point -Wformat -Werror=format-security -Wmissing-declarations -Wmissing-prototypes -Wstrict-prototypes -Wundef -Winit-self -Wpointer-arith -Wshadow -Wsign-promo -Wuninitialized -Winit-self -Wno-delete-non-virtual-dtor -Wno-unnamed-type-template-args -Wno-comment -fdiagnostics-show-option -Wno-long-long -Qunused-arguments -Wno-semicolon-before-method-body -ffunction-sections -fdata-sections  -fvisibility=hidden -fvisibility-inlines-hidden  -O3 -DNDEBUG -arch x86_64 -isysroot /Library/Developer/CommandLineTools/SDKs/MacOSX11.1.sdk -fPIE -MD -MT CMakeFiles/cmTC_2e942.dir/CheckIncludeFile.c.o -MF CMakeFiles/cmTC_2e942.dir/CheckIncludeFile.c.o.d -o CMakeFiles/cmTC_2e942.dir/CheckIncludeFile.c.o -c /Users/sominan/2021-1/캡스톤디자인/web/login_lecture/app/node_modules/opencv-build/opencv/build/CMakeFiles/CMakeTmp/CheckIncludeFile.c
/Users/sominan/2021-1/캡스톤디자인/web/login_lecture/app/node_modules/opencv-build/opencv/build/CMakeFiles/CMakeTmp/CheckIncludeFile.c:1:10: fatal error: 'io.h' file not found
#include <io.h>
         ^~~~~~
1 error generated.
make[1]: *** [CMakeFiles/cmTC_2e942.dir/CheckIncludeFile.c.o] Error 1
make: *** [cmTC_2e942/fast] Error 2



Determining size of INT8 failed with the following output:
Change Dir: /Users/sominan/2021-1/캡스톤디자인/web/login_lecture/app/node_modules/opencv-build/opencv/build/CMakeFiles/CMakeTmp

Run Build Command(s):/usr/bin/make -f Makefile cmTC_2b864/fast && /Library/Developer/CommandLineTools/usr/bin/make  -f CMakeFiles/cmTC_2b864.dir/build.make CMakeFiles/cmTC_2b864.dir/build
Building C object CMakeFiles/cmTC_2b864.dir/int8.c.o
/Library/Developer/CommandLineTools/usr/bin/cc   -fsigned-char -W -Wall -Werror=return-type -Werror=non-virtual-dtor -Werror=address -Werror=sequence-point -Wformat -Werror=format-security -Wmissing-declarations -Wmissing-prototypes -Wstrict-prototypes -Wundef -Winit-self -Wpointer-arith -Wshadow -Wsign-promo -Wuninitialized -Winit-self -Wno-delete-non-virtual-dtor -Wno-unnamed-type-template-args -Wno-comment -fdiagnostics-show-option -Wno-long-long -Qunused-arguments -Wno-semicolon-before-method-body -ffunction-sections -fdata-sections  -fvisibility=hidden -fvisibility-inlines-hidden  -O3 -DNDEBUG -arch x86_64 -isysroot /Library/Developer/CommandLineTools/SDKs/MacOSX11.1.sdk -fPIE -MD -MT CMakeFiles/cmTC_2b864.dir/int8.c.o -MF CMakeFiles/cmTC_2b864.dir/int8.c.o.d -o CMakeFiles/cmTC_2b864.dir/int8.c.o -c /Users/sominan/2021-1/캡스톤디자인/web/login_lecture/app/node_modules/opencv-build/opencv/build/CMakeFiles/CheckTypeSize/int8.c
/Users/sominan/2021-1/캡스톤디자인/web/login_lecture/app/node_modules/opencv-build/opencv/build/CMakeFiles/CheckTypeSize/int8.c:29:12: error: use of undeclared identifier 'INT8'
  ('0' + ((SIZE / 10000)%10)),
           ^
/Users/sominan/2021-1/캡스톤디자인/web/login_lecture/app/node_modules/opencv-build/opencv/build/CMakeFiles/CheckTypeSize/int8.c:27:22: note: expanded from macro 'SIZE'
#define SIZE (sizeof(INT8))
                     ^
/Users/sominan/2021-1/캡스톤디자인/web/login_lecture/app/node_modules/opencv-build/opencv/build/CMakeFiles/CheckTypeSize/int8.c:30:12: error: use of undeclared identifier 'INT8'
  ('0' + ((SIZE / 1000)%10)),
           ^
/Users/sominan/2021-1/캡스톤디자인/web/login_lecture/app/node_modules/opencv-build/opencv/build/CMakeFiles/CheckTypeSize/int8.c:27:22: note: expanded from macro 'SIZE'
#define SIZE (sizeof(INT8))
                     ^
/Users/sominan/2021-1/캡스톤디자인/web/login_lecture/app/node_modules/opencv-build/opencv/build/CMakeFiles/CheckTypeSize/int8.c:31:12: error: use of undeclared identifier 'INT8'
  ('0' + ((SIZE / 100)%10)),
           ^
/Users/sominan/2021-1/캡스톤디자인/web/login_lecture/app/node_modules/opencv-build/opencv/build/CMakeFiles/CheckTypeSize/int8.c:27:22: note: expanded from macro 'SIZE'
#define SIZE (sizeof(INT8))
                     ^
/Users/sominan/2021-1/캡스톤디자인/web/login_lecture/app/node_modules/opencv-build/opencv/build/CMakeFiles/CheckTypeSize/int8.c:32:12: error: use of undeclared identifier 'INT8'
  ('0' + ((SIZE / 10)%10)),
           ^
/Users/sominan/2021-1/캡스톤디자인/web/login_lecture/app/node_modules/opencv-build/opencv/build/CMakeFiles/CheckTypeSize/int8.c:27:22: note: expanded from macro 'SIZE'
#define SIZE (sizeof(INT8))
                     ^
/Users/sominan/2021-1/캡스톤디자인/web/login_lecture/app/node_modules/opencv-build/opencv/build/CMakeFiles/CheckTypeSize/int8.c:33:12: error: use of undeclared identifier 'INT8'
  ('0' +  (SIZE    % 10)),
           ^
/Users/sominan/2021-1/캡스톤디자인/web/login_lecture/app/node_modules/opencv-build/opencv/build/CMakeFiles/CheckTypeSize/int8.c:27:22: note: expanded from macro 'SIZE'
#define SIZE (sizeof(INT8))
                     ^
5 errors generated.
make[1]: *** [CMakeFiles/cmTC_2b864.dir/int8.c.o] Error 1
make: *** [cmTC_2b864/fast] Error 2


/Users/sominan/2021-1/캡스톤디자인/web/login_lecture/app/node_modules/opencv-build/opencv/build/CMakeFiles/CheckTypeSize/int8.c:
#include <sys/types.h>
#include <stdint.h>
#include <stddef.h>


#undef KEY
#if defined(__i386)
# define KEY '_','_','i','3','8','6'
#elif defined(__x86_64)
# define KEY '_','_','x','8','6','_','6','4'
#elif defined(__PPC64__)
# define KEY '_','_','P','P','C','6','4','_','_'
#elif defined(__ppc64__)
# define KEY '_','_','p','p','c','6','4','_','_'
#elif defined(__PPC__)
# define KEY '_','_','P','P','C','_','_'
#elif defined(__ppc__)
# define KEY '_','_','p','p','c','_','_'
#elif defined(__aarch64__)
# define KEY '_','_','a','a','r','c','h','6','4','_','_'
#elif defined(__ARM_ARCH_7A__)
# define KEY '_','_','A','R','M','_','A','R','C','H','_','7','A','_','_'
#elif defined(__ARM_ARCH_7S__)
# define KEY '_','_','A','R','M','_','A','R','C','H','_','7','S','_','_'
#endif

#define SIZE (sizeof(INT8))
static char info_size[] =  {'I', 'N', 'F', 'O', ':', 's','i','z','e','[',
  ('0' + ((SIZE / 10000)%10)),
  ('0' + ((SIZE / 1000)%10)),
  ('0' + ((SIZE / 100)%10)),
  ('0' + ((SIZE / 10)%10)),
  ('0' +  (SIZE    % 10)),
  ']',
#ifdef KEY
  ' ','k','e','y','[', KEY, ']',
#endif
  '\0'};

#ifdef __CLASSIC_C__
int main(argc, argv) int argc; char *argv[];
#else
int main(int argc, char *argv[])
#endif
{
  int require = 0;
  require += info_size[argc];
  (void)argv;
  return require;
}


Determining size of INT16 failed with the following output:
Change Dir: /Users/sominan/2021-1/캡스톤디자인/web/login_lecture/app/node_modules/opencv-build/opencv/build/CMakeFiles/CMakeTmp

Run Build Command(s):/usr/bin/make -f Makefile cmTC_9f72e/fast && /Library/Developer/CommandLineTools/usr/bin/make  -f CMakeFiles/cmTC_9f72e.dir/build.make CMakeFiles/cmTC_9f72e.dir/build
Building C object CMakeFiles/cmTC_9f72e.dir/int16.c.o
/Library/Developer/CommandLineTools/usr/bin/cc   -fsigned-char -W -Wall -Werror=return-type -Werror=non-virtual-dtor -Werror=address -Werror=sequence-point -Wformat -Werror=format-security -Wmissing-declarations -Wmissing-prototypes -Wstrict-prototypes -Wundef -Winit-self -Wpointer-arith -Wshadow -Wsign-promo -Wuninitialized -Winit-self -Wno-delete-non-virtual-dtor -Wno-unnamed-type-template-args -Wno-comment -fdiagnostics-show-option -Wno-long-long -Qunused-arguments -Wno-semicolon-before-method-body -ffunction-sections -fdata-sections  -fvisibility=hidden -fvisibility-inlines-hidden  -O3 -DNDEBUG -arch x86_64 -isysroot /Library/Developer/CommandLineTools/SDKs/MacOSX11.1.sdk -fPIE -MD -MT CMakeFiles/cmTC_9f72e.dir/int16.c.o -MF CMakeFiles/cmTC_9f72e.dir/int16.c.o.d -o CMakeFiles/cmTC_9f72e.dir/int16.c.o -c /Users/sominan/2021-1/캡스톤디자인/web/login_lecture/app/node_modules/opencv-build/opencv/build/CMakeFiles/CheckTypeSize/int16.c
/Users/sominan/2021-1/캡스톤디자인/web/login_lecture/app/node_modules/opencv-build/opencv/build/CMakeFiles/CheckTypeSize/int16.c:29:12: error: use of undeclared identifier 'INT16'
  ('0' + ((SIZE / 10000)%10)),
           ^
/Users/sominan/2021-1/캡스톤디자인/web/login_lecture/app/node_modules/opencv-build/opencv/build/CMakeFiles/CheckTypeSize/int16.c:27:22: note: expanded from macro 'SIZE'
#define SIZE (sizeof(INT16))
                     ^
/Users/sominan/2021-1/캡스톤디자인/web/login_lecture/app/node_modules/opencv-build/opencv/build/CMakeFiles/CheckTypeSize/int16.c:30:12: error: use of undeclared identifier 'INT16'
  ('0' + ((SIZE / 1000)%10)),
           ^
/Users/sominan/2021-1/캡스톤디자인/web/login_lecture/app/node_modules/opencv-build/opencv/build/CMakeFiles/CheckTypeSize/int16.c:27:22: note: expanded from macro 'SIZE'
#define SIZE (sizeof(INT16))
                     ^
/Users/sominan/2021-1/캡스톤디자인/web/login_lecture/app/node_modules/opencv-build/opencv/build/CMakeFiles/CheckTypeSize/int16.c:31:12: error: use of undeclared identifier 'INT16'
  ('0' + ((SIZE / 100)%10)),
           ^
/Users/sominan/2021-1/캡스톤디자인/web/login_lecture/app/node_modules/opencv-build/opencv/build/CMakeFiles/CheckTypeSize/int16.c:27:22: note: expanded from macro 'SIZE'
#define SIZE (sizeof(INT16))
                     ^
/Users/sominan/2021-1/캡스톤디자인/web/login_lecture/app/node_modules/opencv-build/opencv/build/CMakeFiles/CheckTypeSize/int16.c:32:12: error: use of undeclared identifier 'INT16'
  ('0' + ((SIZE / 10)%10)),
           ^
/Users/sominan/2021-1/캡스톤디자인/web/login_lecture/app/node_modules/opencv-build/opencv/build/CMakeFiles/CheckTypeSize/int16.c:27:22: note: expanded from macro 'SIZE'
#define SIZE (sizeof(INT16))
                     ^
/Users/sominan/2021-1/캡스톤디자인/web/login_lecture/app/node_modules/opencv-build/opencv/build/CMakeFiles/CheckTypeSize/int16.c:33:12: error: use of undeclared identifier 'INT16'
  ('0' +  (SIZE    % 10)),
           ^
/Users/sominan/2021-1/캡스톤디자인/web/login_lecture/app/node_modules/opencv-build/opencv/build/CMakeFiles/CheckTypeSize/int16.c:27:22: note: expanded from macro 'SIZE'
#define SIZE (sizeof(INT16))
                     ^
5 errors generated.
make[1]: *** [CMakeFiles/cmTC_9f72e.dir/int16.c.o] Error 1
make: *** [cmTC_9f72e/fast] Error 2


/Users/sominan/2021-1/캡스톤디자인/web/login_lecture/app/node_modules/opencv-build/opencv/build/CMakeFiles/CheckTypeSize/int16.c:
#include <sys/types.h>
#include <stdint.h>
#include <stddef.h>


#undef KEY
#if defined(__i386)
# define KEY '_','_','i','3','8','6'
#elif defined(__x86_64)
# define KEY '_','_','x','8','6','_','6','4'
#elif defined(__PPC64__)
# define KEY '_','_','P','P','C','6','4','_','_'
#elif defined(__ppc64__)
# define KEY '_','_','p','p','c','6','4','_','_'
#elif defined(__PPC__)
# define KEY '_','_','P','P','C','_','_'
#elif defined(__ppc__)
# define KEY '_','_','p','p','c','_','_'
#elif defined(__aarch64__)
# define KEY '_','_','a','a','r','c','h','6','4','_','_'
#elif defined(__ARM_ARCH_7A__)
# define KEY '_','_','A','R','M','_','A','R','C','H','_','7','A','_','_'
#elif defined(__ARM_ARCH_7S__)
# define KEY '_','_','A','R','M','_','A','R','C','H','_','7','S','_','_'
#endif

#define SIZE (sizeof(INT16))
static char info_size[] =  {'I', 'N', 'F', 'O', ':', 's','i','z','e','[',
  ('0' + ((SIZE / 10000)%10)),
  ('0' + ((SIZE / 1000)%10)),
  ('0' + ((SIZE / 100)%10)),
  ('0' + ((SIZE / 10)%10)),
  ('0' +  (SIZE    % 10)),
  ']',
#ifdef KEY
  ' ','k','e','y','[', KEY, ']',
#endif
  '\0'};

#ifdef __CLASSIC_C__
int main(argc, argv) int argc; char *argv[];
#else
int main(int argc, char *argv[])
#endif
{
  int require = 0;
  require += info_size[argc];
  (void)argv;
  return require;
}


Determining size of INT32 failed with the following output:
Change Dir: /Users/sominan/2021-1/캡스톤디자인/web/login_lecture/app/node_modules/opencv-build/opencv/build/CMakeFiles/CMakeTmp

Run Build Command(s):/usr/bin/make -f Makefile cmTC_ceac5/fast && /Library/Developer/CommandLineTools/usr/bin/make  -f CMakeFiles/cmTC_ceac5.dir/build.make CMakeFiles/cmTC_ceac5.dir/build
Building C object CMakeFiles/cmTC_ceac5.dir/int32.c.o
/Library/Developer/CommandLineTools/usr/bin/cc   -fsigned-char -W -Wall -Werror=return-type -Werror=non-virtual-dtor -Werror=address -Werror=sequence-point -Wformat -Werror=format-security -Wmissing-declarations -Wmissing-prototypes -Wstrict-prototypes -Wundef -Winit-self -Wpointer-arith -Wshadow -Wsign-promo -Wuninitialized -Winit-self -Wno-delete-non-virtual-dtor -Wno-unnamed-type-template-args -Wno-comment -fdiagnostics-show-option -Wno-long-long -Qunused-arguments -Wno-semicolon-before-method-body -ffunction-sections -fdata-sections  -fvisibility=hidden -fvisibility-inlines-hidden  -O3 -DNDEBUG -arch x86_64 -isysroot /Library/Developer/CommandLineTools/SDKs/MacOSX11.1.sdk -fPIE -MD -MT CMakeFiles/cmTC_ceac5.dir/int32.c.o -MF CMakeFiles/cmTC_ceac5.dir/int32.c.o.d -o CMakeFiles/cmTC_ceac5.dir/int32.c.o -c /Users/sominan/2021-1/캡스톤디자인/web/login_lecture/app/node_modules/opencv-build/opencv/build/CMakeFiles/CheckTypeSize/int32.c
/Users/sominan/2021-1/캡스톤디자인/web/login_lecture/app/node_modules/opencv-build/opencv/build/CMakeFiles/CheckTypeSize/int32.c:29:12: error: use of undeclared identifier 'INT32'
  ('0' + ((SIZE / 10000)%10)),
           ^
/Users/sominan/2021-1/캡스톤디자인/web/login_lecture/app/node_modules/opencv-build/opencv/build/CMakeFiles/CheckTypeSize/int32.c:27:22: note: expanded from macro 'SIZE'
#define SIZE (sizeof(INT32))
                     ^
/Users/sominan/2021-1/캡스톤디자인/web/login_lecture/app/node_modules/opencv-build/opencv/build/CMakeFiles/CheckTypeSize/int32.c:30:12: error: use of undeclared identifier 'INT32'
  ('0' + ((SIZE / 1000)%10)),
           ^
/Users/sominan/2021-1/캡스톤디자인/web/login_lecture/app/node_modules/opencv-build/opencv/build/CMakeFiles/CheckTypeSize/int32.c:27:22: note: expanded from macro 'SIZE'
#define SIZE (sizeof(INT32))
                     ^
/Users/sominan/2021-1/캡스톤디자인/web/login_lecture/app/node_modules/opencv-build/opencv/build/CMakeFiles/CheckTypeSize/int32.c:31:12: error: use of undeclared identifier 'INT32'
  ('0' + ((SIZE / 100)%10)),
           ^
/Users/sominan/2021-1/캡스톤디자인/web/login_lecture/app/node_modules/opencv-build/opencv/build/CMakeFiles/CheckTypeSize/int32.c:27:22: note: expanded from macro 'SIZE'
#define SIZE (sizeof(INT32))
                     ^
/Users/sominan/2021-1/캡스톤디자인/web/login_lecture/app/node_modules/opencv-build/opencv/build/CMakeFiles/CheckTypeSize/int32.c:32:12: error: use of undeclared identifier 'INT32'
  ('0' + ((SIZE / 10)%10)),
           ^
/Users/sominan/2021-1/캡스톤디자인/web/login_lecture/app/node_modules/opencv-build/opencv/build/CMakeFiles/CheckTypeSize/int32.c:27:22: note: expanded from macro 'SIZE'
#define SIZE (sizeof(INT32))
                     ^
/Users/sominan/2021-1/캡스톤디자인/web/login_lecture/app/node_modules/opencv-build/opencv/build/CMakeFiles/CheckTypeSize/int32.c:33:12: error: use of undeclared identifier 'INT32'
  ('0' +  (SIZE    % 10)),
           ^
/Users/sominan/2021-1/캡스톤디자인/web/login_lecture/app/node_modules/opencv-build/opencv/build/CMakeFiles/CheckTypeSize/int32.c:27:22: note: expanded from macro 'SIZE'
#define SIZE (sizeof(INT32))
                     ^
5 errors generated.
make[1]: *** [CMakeFiles/cmTC_ceac5.dir/int32.c.o] Error 1
make: *** [cmTC_ceac5/fast] Error 2


/Users/sominan/2021-1/캡스톤디자인/web/login_lecture/app/node_modules/opencv-build/opencv/build/CMakeFiles/CheckTypeSize/int32.c:
#include <sys/types.h>
#include <stdint.h>
#include <stddef.h>


#undef KEY
#if defined(__i386)
# define KEY '_','_','i','3','8','6'
#elif defined(__x86_64)
# define KEY '_','_','x','8','6','_','6','4'
#elif defined(__PPC64__)
# define KEY '_','_','P','P','C','6','4','_','_'
#elif defined(__ppc64__)
# define KEY '_','_','p','p','c','6','4','_','_'
#elif defined(__PPC__)
# define KEY '_','_','P','P','C','_','_'
#elif defined(__ppc__)
# define KEY '_','_','p','p','c','_','_'
#elif defined(__aarch64__)
# define KEY '_','_','a','a','r','c','h','6','4','_','_'
#elif defined(__ARM_ARCH_7A__)
# define KEY '_','_','A','R','M','_','A','R','C','H','_','7','A','_','_'
#elif defined(__ARM_ARCH_7S__)
# define KEY '_','_','A','R','M','_','A','R','C','H','_','7','S','_','_'
#endif

#define SIZE (sizeof(INT32))
static char info_size[] =  {'I', 'N', 'F', 'O', ':', 's','i','z','e','[',
  ('0' + ((SIZE / 10000)%10)),
  ('0' + ((SIZE / 1000)%10)),
  ('0' + ((SIZE / 100)%10)),
  ('0' + ((SIZE / 10)%10)),
  ('0' +  (SIZE    % 10)),
  ']',
#ifdef KEY
  ' ','k','e','y','[', KEY, ']',
#endif
  '\0'};

#ifdef __CLASSIC_C__
int main(argc, argv) int argc; char *argv[];
#else
int main(int argc, char *argv[])
#endif
{
  int require = 0;
  require += info_size[argc];
  (void)argv;
  return require;
}


Build output check failed:
    Regex: 'unknown .*option'
    Output line: 'warning: unknown warning option '-Wno-unused-but-set-variable', did you mean '-Wno-unused-const-variable'? [-Wunknown-warning-option]'
Compilation failed:
    source file: '/Users/sominan/2021-1/캡스톤디자인/web/login_lecture/app/node_modules/opencv-build/opencv/build/CMakeFiles/CMakeTmp/src.c'
    check option: ' -Wno-unused-but-set-variable'
===== BUILD LOG =====
Change Dir: /Users/sominan/2021-1/캡스톤디자인/web/login_lecture/app/node_modules/opencv-build/opencv/build/CMakeFiles/CMakeTmp

Run Build Command(s):/usr/bin/make -f Makefile cmTC_9f6d5/fast && /Library/Developer/CommandLineTools/usr/bin/make  -f CMakeFiles/cmTC_9f6d5.dir/build.make CMakeFiles/cmTC_9f6d5.dir/build
Building C object CMakeFiles/cmTC_9f6d5.dir/src.c.o
/Library/Developer/CommandLineTools/usr/bin/cc   -fsigned-char -W -Wall -Werror=return-type -Werror=non-virtual-dtor -Werror=address -Werror=sequence-point -Wformat -Werror=format-security -Wmissing-declarations -Wmissing-prototypes -Wstrict-prototypes -Wundef -Winit-self -Wpointer-arith -Wshadow -Wsign-promo -Wuninitialized -Winit-self -Wno-delete-non-virtual-dtor -Wno-unnamed-type-template-args -Wno-comment -fdiagnostics-show-option -Wno-long-long -Qunused-arguments -Wno-semicolon-before-method-body -ffunction-sections -fdata-sections  -fvisibility=hidden -fvisibility-inlines-hidden  -O3 -DNDEBUG -arch x86_64 -isysroot /Library/Developer/CommandLineTools/SDKs/MacOSX11.1.sdk -fPIE    -Wno-unused-but-set-variable -MD -MT CMakeFiles/cmTC_9f6d5.dir/src.c.o -MF CMakeFiles/cmTC_9f6d5.dir/src.c.o.d -o CMakeFiles/cmTC_9f6d5.dir/src.c.o -c /Users/sominan/2021-1/캡스톤디자인/web/login_lecture/app/node_modules/opencv-build/opencv/build/CMakeFiles/CMakeTmp/src.c
warning: unknown warning option '-Wno-unused-but-set-variable'; did you mean '-Wno-unused-const-variable'? [-Wunknown-warning-option]
/Users/sominan/2021-1/캡스톤디자인/web/login_lecture/app/node_modules/opencv-build/opencv/build/CMakeFiles/CMakeTmp/src.c:1:8: warning: unknown pragma ignored [-Wunknown-pragmas]
#pragma
       ^
2 warnings generated.
Linking C executable cmTC_9f6d5
/opt/homebrew/Cellar/cmake/3.20.2/bin/cmake -E cmake_link_script CMakeFiles/cmTC_9f6d5.dir/link.txt --verbose=1
/Library/Developer/CommandLineTools/usr/bin/cc    -fsigned-char -W -Wall -Werror=return-type -Werror=non-virtual-dtor -Werror=address -Werror=sequence-point -Wformat -Werror=format-security -Wmissing-declarations -Wmissing-prototypes -Wstrict-prototypes -Wundef -Winit-self -Wpointer-arith -Wshadow -Wsign-promo -Wuninitialized -Winit-self -Wno-delete-non-virtual-dtor -Wno-unnamed-type-template-args -Wno-comment -fdiagnostics-show-option -Wno-long-long -Qunused-arguments -Wno-semicolon-before-method-body -ffunction-sections -fdata-sections  -fvisibility=hidden -fvisibility-inlines-hidden  -O3 -DNDEBUG -arch x86_64 -isysroot /Library/Developer/CommandLineTools/SDKs/MacOSX11.1.sdk -Wl,-search_paths_first -Wl,-headerpad_max_install_names   -Wl,-dead_strip  CMakeFiles/cmTC_9f6d5.dir/src.c.o -o cmTC_9f6d5 


===== END =====

Build output check failed:
    Regex: 'unknown .*option'
    Output line: 'warning: unknown warning option '-Wno-maybe-uninitialized', did you mean '-Wno-uninitialized'? [-Wunknown-warning-option]'
Compilation failed:
    source file: '/Users/sominan/2021-1/캡스톤디자인/web/login_lecture/app/node_modules/opencv-build/opencv/build/CMakeFiles/CMakeTmp/src.c'
    check option: ' -Wno-maybe-uninitialized'
===== BUILD LOG =====
Change Dir: /Users/sominan/2021-1/캡스톤디자인/web/login_lecture/app/node_modules/opencv-build/opencv/build/CMakeFiles/CMakeTmp

Run Build Command(s):/usr/bin/make -f Makefile cmTC_73488/fast && /Library/Developer/CommandLineTools/usr/bin/make  -f CMakeFiles/cmTC_73488.dir/build.make CMakeFiles/cmTC_73488.dir/build
Building C object CMakeFiles/cmTC_73488.dir/src.c.o
/Library/Developer/CommandLineTools/usr/bin/cc   -fsigned-char -W -Wall -Werror=return-type -Werror=non-virtual-dtor -Werror=address -Werror=sequence-point -Wformat -Werror=format-security -Wstrict-prototypes -Winit-self -Wpointer-arith -Wsign-promo -Wuninitialized -Winit-self -Wno-delete-non-virtual-dtor -Wno-unnamed-type-template-args -Wno-comment -fdiagnostics-show-option -Wno-long-long -Qunused-arguments -Wno-semicolon-before-method-body -ffunction-sections -fdata-sections  -fvisibility=hidden -fvisibility-inlines-hidden -Wno-missing-prototypes -Wno-missing-declarations -Wno-undef -Wno-unused -Wno-sign-compare -Wno-cast-align -Wno-shadow  -O3 -DNDEBUG -arch x86_64 -isysroot /Library/Developer/CommandLineTools/SDKs/MacOSX11.1.sdk -fPIE    -Wno-maybe-uninitialized -MD -MT CMakeFiles/cmTC_73488.dir/src.c.o -MF CMakeFiles/cmTC_73488.dir/src.c.o.d -o CMakeFiles/cmTC_73488.dir/src.c.o -c /Users/sominan/2021-1/캡스톤디자인/web/login_lecture/app/node_modules/opencv-build/opencv/build/CMakeFiles/CMakeTmp/src.c
warning: unknown warning option '-Wno-maybe-uninitialized'; did you mean '-Wno-uninitialized'? [-Wunknown-warning-option]
/Users/sominan/2021-1/캡스톤디자인/web/login_lecture/app/node_modules/opencv-build/opencv/build/CMakeFiles/CMakeTmp/src.c:1:8: warning: unknown pragma ignored [-Wunknown-pragmas]
#pragma
       ^
2 warnings generated.
Linking C executable cmTC_73488
/opt/homebrew/Cellar/cmake/3.20.2/bin/cmake -E cmake_link_script CMakeFiles/cmTC_73488.dir/link.txt --verbose=1
/Library/Developer/CommandLineTools/usr/bin/cc    -fsigned-char -W -Wall -Werror=return-type -Werror=non-virtual-dtor -Werror=address -Werror=sequence-point -Wformat -Werror=format-security -Wstrict-prototypes -Winit-self -Wpointer-arith -Wsign-promo -Wuninitialized -Winit-self -Wno-delete-non-virtual-dtor -Wno-unnamed-type-template-args -Wno-comment -fdiagnostics-show-option -Wno-long-long -Qunused-arguments -Wno-semicolon-before-method-body -ffunction-sections -fdata-sections  -fvisibility=hidden -fvisibility-inlines-hidden -Wno-missing-prototypes -Wno-missing-declarations -Wno-undef -Wno-unused -Wno-sign-compare -Wno-cast-align -Wno-shadow  -O3 -DNDEBUG -arch x86_64 -isysroot /Library/Developer/CommandLineTools/SDKs/MacOSX11.1.sdk -Wl,-search_paths_first -Wl,-headerpad_max_install_names   -Wl,-dead_strip  CMakeFiles/cmTC_73488.dir/src.c.o -o cmTC_73488 


===== END =====

Build output check failed:
    Regex: 'unknown .*option'
    Output line: 'warning: unknown warning option '-Wno-unused-but-set-parameter', did you mean '-Wno-unused-parameter'? [-Wunknown-warning-option]'
Compilation failed:
    source file: '/Users/sominan/2021-1/캡스톤디자인/web/login_lecture/app/node_modules/opencv-build/opencv/build/CMakeFiles/CMakeTmp/src.c'
    check option: ' -Wno-unused-but-set-parameter'
===== BUILD LOG =====
Change Dir: /Users/sominan/2021-1/캡스톤디자인/web/login_lecture/app/node_modules/opencv-build/opencv/build/CMakeFiles/CMakeTmp

Run Build Command(s):/usr/bin/make -f Makefile cmTC_6e16d/fast && /Library/Developer/CommandLineTools/usr/bin/make  -f CMakeFiles/cmTC_6e16d.dir/build.make CMakeFiles/cmTC_6e16d.dir/build
Building C object CMakeFiles/cmTC_6e16d.dir/src.c.o
/Library/Developer/CommandLineTools/usr/bin/cc   -fsigned-char -W -Wall -Werror=return-type -Werror=non-virtual-dtor -Werror=address -Werror=sequence-point -Wformat -Werror=format-security -Wmissing-declarations -Wstrict-prototypes -Wundef -Winit-self -Wpointer-arith -Wshadow -Wsign-promo -Wuninitialized -Winit-self -Wno-delete-non-virtual-dtor -Wno-unnamed-type-template-args -Wno-comment -fdiagnostics-show-option -Wno-long-long -Qunused-arguments -Wno-semicolon-before-method-body -ffunction-sections -fdata-sections  -fvisibility=hidden -fvisibility-inlines-hidden -Wno-implicit-function-declaration -Wno-uninitialized -Wno-missing-prototypes  -O3 -DNDEBUG -arch x86_64 -isysroot /Library/Developer/CommandLineTools/SDKs/MacOSX11.1.sdk -fPIE    -Wno-unused-but-set-parameter -MD -MT CMakeFiles/cmTC_6e16d.dir/src.c.o -MF CMakeFiles/cmTC_6e16d.dir/src.c.o.d -o CMakeFiles/cmTC_6e16d.dir/src.c.o -c /Users/sominan/2021-1/캡스톤디자인/web/login_lecture/app/node_modules/opencv-build/opencv/build/CMakeFiles/CMakeTmp/src.c
warning: unknown warning option '-Wno-unused-but-set-parameter'; did you mean '-Wno-unused-parameter'? [-Wunknown-warning-option]
/Users/sominan/2021-1/캡스톤디자인/web/login_lecture/app/node_modules/opencv-build/opencv/build/CMakeFiles/CMakeTmp/src.c:1:8: warning: unknown pragma ignored [-Wunknown-pragmas]
#pragma
       ^
2 warnings generated.
Linking C executable cmTC_6e16d
/opt/homebrew/Cellar/cmake/3.20.2/bin/cmake -E cmake_link_script CMakeFiles/cmTC_6e16d.dir/link.txt --verbose=1
/Library/Developer/CommandLineTools/usr/bin/cc    -fsigned-char -W -Wall -Werror=return-type -Werror=non-virtual-dtor -Werror=address -Werror=sequence-point -Wformat -Werror=format-security -Wmissing-declarations -Wstrict-prototypes -Wundef -Winit-self -Wpointer-arith -Wshadow -Wsign-promo -Wuninitialized -Winit-self -Wno-delete-non-virtual-dtor -Wno-unnamed-type-template-args -Wno-comment -fdiagnostics-show-option -Wno-long-long -Qunused-arguments -Wno-semicolon-before-method-body -ffunction-sections -fdata-sections  -fvisibility=hidden -fvisibility-inlines-hidden -Wno-implicit-function-declaration -Wno-uninitialized -Wno-missing-prototypes  -O3 -DNDEBUG -arch x86_64 -isysroot /Library/Developer/CommandLineTools/SDKs/MacOSX11.1.sdk -Wl,-search_paths_first -Wl,-headerpad_max_install_names   -Wl,-dead_strip  CMakeFiles/cmTC_6e16d.dir/src.c.o -o cmTC_6e16d 


===== END =====

Build output check failed:
    Regex: 'unknown .*option'
    Output line: 'warning: unknown warning option '-Wno-suggest-override', did you mean '-Wno-shift-overflow'? [-Wunknown-warning-option]'
Compilation failed:
    source file: '/Users/sominan/2021-1/캡스톤디자인/web/login_lecture/app/node_modules/opencv-build/opencv/build/CMakeFiles/CMakeTmp/src.cxx'
    check option: ' -Wno-suggest-override'
===== BUILD LOG =====
Change Dir: /Users/sominan/2021-1/캡스톤디자인/web/login_lecture/app/node_modules/opencv-build/opencv/build/CMakeFiles/CMakeTmp

Run Build Command(s):/usr/bin/make -f Makefile cmTC_31fb6/fast && /Library/Developer/CommandLineTools/usr/bin/make  -f CMakeFiles/cmTC_31fb6.dir/build.make CMakeFiles/cmTC_31fb6.dir/build
Building CXX object CMakeFiles/cmTC_31fb6.dir/src.cxx.o
/Library/Developer/CommandLineTools/usr/bin/c++   -fsigned-char -W -Wall -Werror=return-type -Werror=non-virtual-dtor -Werror=address -Werror=sequence-point -Wformat -Werror=format-security -Wmissing-prototypes -Wstrict-prototypes -Winit-self -Wpointer-arith -Wsign-promo -Winit-self -Wno-delete-non-virtual-dtor -Wno-unnamed-type-template-args -Wno-comment -fdiagnostics-show-option -Wno-long-long -Qunused-arguments -Wno-semicolon-before-method-body -ffunction-sections -fdata-sections  -fvisibility=hidden -fvisibility-inlines-hidden -Wno-shadow -Wno-unused -Wno-sign-compare -Wno-undef -Wno-missing-declarations -Wno-uninitialized -Wno-switch -Wno-parentheses -Wno-array-bounds -Wno-extra -Wno-deprecated-declarations -Wno-misleading-indentation -Wno-deprecated  -O3 -DNDEBUG -arch x86_64 -isysroot /Library/Developer/CommandLineTools/SDKs/MacOSX11.1.sdk -fPIE    -Wno-suggest-override -MD -MT CMakeFiles/cmTC_31fb6.dir/src.cxx.o -MF CMakeFiles/cmTC_31fb6.dir/src.cxx.o.d -o CMakeFiles/cmTC_31fb6.dir/src.cxx.o -c /Users/sominan/2021-1/캡스톤디자인/web/login_lecture/app/node_modules/opencv-build/opencv/build/CMakeFiles/CMakeTmp/src.cxx
warning: unknown warning option '-Wno-suggest-override'; did you mean '-Wno-shift-overflow'? [-Wunknown-warning-option]
/Users/sominan/2021-1/캡스톤디자인/web/login_lecture/app/node_modules/opencv-build/opencv/build/CMakeFiles/CMakeTmp/src.cxx:1:8: warning: unknown pragma ignored [-Wunknown-pragmas]
#pragma
       ^
2 warnings generated.
Linking CXX executable cmTC_31fb6
/opt/homebrew/Cellar/cmake/3.20.2/bin/cmake -E cmake_link_script CMakeFiles/cmTC_31fb6.dir/link.txt --verbose=1
/Library/Developer/CommandLineTools/usr/bin/c++    -fsigned-char -W -Wall -Werror=return-type -Werror=non-virtual-dtor -Werror=address -Werror=sequence-point -Wformat -Werror=format-security -Wmissing-prototypes -Wstrict-prototypes -Winit-self -Wpointer-arith -Wsign-promo -Winit-self -Wno-delete-non-virtual-dtor -Wno-unnamed-type-template-args -Wno-comment -fdiagnostics-show-option -Wno-long-long -Qunused-arguments -Wno-semicolon-before-method-body -ffunction-sections -fdata-sections  -fvisibility=hidden -fvisibility-inlines-hidden -Wno-shadow -Wno-unused -Wno-sign-compare -Wno-undef -Wno-missing-declarations -Wno-uninitialized -Wno-switch -Wno-parentheses -Wno-array-bounds -Wno-extra -Wno-deprecated-declarations -Wno-misleading-indentation -Wno-deprecated  -O3 -DNDEBUG -arch x86_64 -isysroot /Library/Developer/CommandLineTools/SDKs/MacOSX11.1.sdk -Wl,-search_paths_first -Wl,-headerpad_max_install_names   -Wl,-dead_strip  CMakeFiles/cmTC_31fb6.dir/src.cxx.o -o cmTC_31fb6 


===== END =====

Determining if the function sgemm_ exists failed with the following output:
Change Dir: /Users/sominan/2021-1/캡스톤디자인/web/login_lecture/app/node_modules/opencv-build/opencv/build/CMakeFiles/CMakeTmp

Run Build Command(s):/usr/bin/make -f Makefile cmTC_a92c0/fast && /Library/Developer/CommandLineTools/usr/bin/make  -f CMakeFiles/cmTC_a92c0.dir/build.make CMakeFiles/cmTC_a92c0.dir/build
Building C object CMakeFiles/cmTC_a92c0.dir/CheckFunctionExists.c.o
/Library/Developer/CommandLineTools/usr/bin/cc   -fsigned-char -W -Wall -Werror=return-type -Werror=non-virtual-dtor -Werror=address -Werror=sequence-point -Wformat -Werror=format-security -Wmissing-declarations -Wmissing-prototypes -Wstrict-prototypes -Wundef -Winit-self -Wpointer-arith -Wshadow -Wsign-promo -Wuninitialized -Winit-self -Wno-delete-non-virtual-dtor -Wno-unnamed-type-template-args -Wno-comment -fdiagnostics-show-option -Wno-long-long -Qunused-arguments -Wno-semicolon-before-method-body -ffunction-sections -fdata-sections  -fvisibility=hidden -fvisibility-inlines-hidden -DCHECK_FUNCTION_EXISTS=sgemm_ -O3 -DNDEBUG -arch x86_64 -isysroot /Library/Developer/CommandLineTools/SDKs/MacOSX11.1.sdk -fPIE -MD -MT CMakeFiles/cmTC_a92c0.dir/CheckFunctionExists.c.o -MF CMakeFiles/cmTC_a92c0.dir/CheckFunctionExists.c.o.d -o CMakeFiles/cmTC_a92c0.dir/CheckFunctionExists.c.o -c /opt/homebrew/Cellar/cmake/3.20.2/share/cmake/Modules/CheckFunctionExists.c
Linking C executable cmTC_a92c0
/opt/homebrew/Cellar/cmake/3.20.2/bin/cmake -E cmake_link_script CMakeFiles/cmTC_a92c0.dir/link.txt --verbose=1
/Library/Developer/CommandLineTools/usr/bin/cc    -fsigned-char -W -Wall -Werror=return-type -Werror=non-virtual-dtor -Werror=address -Werror=sequence-point -Wformat -Werror=format-security -Wmissing-declarations -Wmissing-prototypes -Wstrict-prototypes -Wundef -Winit-self -Wpointer-arith -Wshadow -Wsign-promo -Wuninitialized -Winit-self -Wno-delete-non-virtual-dtor -Wno-unnamed-type-template-args -Wno-comment -fdiagnostics-show-option -Wno-long-long -Qunused-arguments -Wno-semicolon-before-method-body -ffunction-sections -fdata-sections  -fvisibility=hidden -fvisibility-inlines-hidden -DCHECK_FUNCTION_EXISTS=sgemm_ -O3 -DNDEBUG -arch x86_64 -isysroot /Library/Developer/CommandLineTools/SDKs/MacOSX11.1.sdk -Wl,-search_paths_first -Wl,-headerpad_max_install_names   -Wl,-dead_strip  CMakeFiles/cmTC_a92c0.dir/CheckFunctionExists.c.o -o cmTC_a92c0 
Undefined symbols for architecture x86_64:
  "_sgemm_", referenced from:
      _main in CheckFunctionExists.c.o
ld: symbol(s) not found for architecture x86_64
clang: error: linker command failed with exit code 1 (use -v to see invocation)
make[1]: *** [cmTC_a92c0] Error 1
make: *** [cmTC_a92c0/fast] Error 2



